CRITICAL - 2022-11-16 11:31:36 --> Undefined variable: menu_active
in APPPATH/Views/admin/layout/admin.php on line 31.
 1 APPPATH/Views/admin/layout/admin.php(31): CodeIgniter\Debug\Exceptions->errorHandler()
 2 SYSTEMPATH/View/View.php(213): include('APPPATH/Views/admin/layout/admin.php')
 3 SYSTEMPATH/View/View.php(216): CodeIgniter\View\View->CodeIgniter\View\{closure}()
 4 SYSTEMPATH/Common.php(1134): CodeIgniter\View\View->render()
 5 APPPATH/Controllers/Admin/DashboardController.php(11): view()
 6 SYSTEMPATH/CodeIgniter.php(927): App\Controllers\Admin\DashboardController->index()
 7 SYSTEMPATH/CodeIgniter.php(482): CodeIgniter\CodeIgniter->runController()
 8 SYSTEMPATH/CodeIgniter.php(351): CodeIgniter\CodeIgniter->handleRequest()
 9 FCPATH/index.php(67): CodeIgniter\CodeIgniter->run()
10 SYSTEMPATH/Commands/Server/rewrite.php(46): require_once('FCPATH/index.php')
<<<<<<< HEAD
CRITICAL - 2022-11-16 12:00:50 --> Undefined variable: menu_active
in APPPATH/Views/admin/layout/admin.php on line 31.
 1 APPPATH/Views/admin/layout/admin.php(31): CodeIgniter\Debug\Exceptions->errorHandler()
 2 SYSTEMPATH/View/View.php(213): include('APPPATH/Views/admin/layout/admin.php')
 3 SYSTEMPATH/View/View.php(216): CodeIgniter\View\View->CodeIgniter\View\{closure}()
 4 SYSTEMPATH/Common.php(1134): CodeIgniter\View\View->render()
 5 APPPATH/Controllers/Admin/DashboardController.php(11): view()
 6 SYSTEMPATH/CodeIgniter.php(927): App\Controllers\Admin\DashboardController->index()
 7 SYSTEMPATH/CodeIgniter.php(482): CodeIgniter\CodeIgniter->runController()
 8 SYSTEMPATH/CodeIgniter.php(351): CodeIgniter\CodeIgniter->handleRequest()
 9 FCPATH/index.php(67): CodeIgniter\CodeIgniter->run()
10 SYSTEMPATH/Commands/Server/rewrite.php(46): require_once('FCPATH/index.php')
CRITICAL - 2022-11-16 12:02:33 --> Undefined variable: menu_active
in APPPATH/Views/admin/layout/admin.php on line 31.
 1 APPPATH/Views/admin/layout/admin.php(31): CodeIgniter\Debug\Exceptions->errorHandler()
 2 SYSTEMPATH/View/View.php(213): include('APPPATH/Views/admin/layout/admin.php')
 3 SYSTEMPATH/View/View.php(216): CodeIgniter\View\View->CodeIgniter\View\{closure}()
 4 SYSTEMPATH/Common.php(1134): CodeIgniter\View\View->render()
 5 APPPATH/Controllers/Admin/DashboardController.php(11): view()
 6 SYSTEMPATH/CodeIgniter.php(927): App\Controllers\Admin\DashboardController->index()
 7 SYSTEMPATH/CodeIgniter.php(482): CodeIgniter\CodeIgniter->runController()
 8 SYSTEMPATH/CodeIgniter.php(351): CodeIgniter\CodeIgniter->handleRequest()
 9 FCPATH/index.php(67): CodeIgniter\CodeIgniter->run()
10 SYSTEMPATH/Commands/Server/rewrite.php(46): require_once('FCPATH/index.php')
CRITICAL - 2022-11-16 12:03:18 --> Undefined variable: menu_active
in APPPATH/Views/admin/layout/admin.php on line 31.
 1 APPPATH/Views/admin/layout/admin.php(31): CodeIgniter\Debug\Exceptions->errorHandler()
 2 SYSTEMPATH/View/View.php(213): include('APPPATH/Views/admin/layout/admin.php')
 3 SYSTEMPATH/View/View.php(216): CodeIgniter\View\View->CodeIgniter\View\{closure}()
 4 SYSTEMPATH/Common.php(1134): CodeIgniter\View\View->render()
 5 APPPATH/Controllers/Admin/DashboardController.php(11): view()
 6 SYSTEMPATH/CodeIgniter.php(927): App\Controllers\Admin\DashboardController->index()
 7 SYSTEMPATH/CodeIgniter.php(482): CodeIgniter\CodeIgniter->runController()
 8 SYSTEMPATH/CodeIgniter.php(351): CodeIgniter\CodeIgniter->handleRequest()
 9 FCPATH/index.php(67): CodeIgniter\CodeIgniter->run()
10 SYSTEMPATH/Commands/Server/rewrite.php(46): require_once('FCPATH/index.php')
CRITICAL - 2022-11-16 12:03:55 --> Undefined variable: menu_active
in APPPATH/Views/admin/layout/admin.php on line 31.
 1 APPPATH/Views/admin/layout/admin.php(31): CodeIgniter\Debug\Exceptions->errorHandler()
 2 SYSTEMPATH/View/View.php(213): include('APPPATH/Views/admin/layout/admin.php')
 3 SYSTEMPATH/View/View.php(216): CodeIgniter\View\View->CodeIgniter\View\{closure}()
 4 SYSTEMPATH/Common.php(1134): CodeIgniter\View\View->render()
 5 APPPATH/Controllers/Admin/DashboardController.php(11): view()
 6 SYSTEMPATH/CodeIgniter.php(927): App\Controllers\Admin\DashboardController->index()
 7 SYSTEMPATH/CodeIgniter.php(482): CodeIgniter\CodeIgniter->runController()
 8 SYSTEMPATH/CodeIgniter.php(351): CodeIgniter\CodeIgniter->handleRequest()
 9 FCPATH/index.php(67): CodeIgniter\CodeIgniter->run()
10 SYSTEMPATH/Commands/Server/rewrite.php(46): require_once('FCPATH/index.php')
CRITICAL - 2022-11-16 12:13:48 --> Undefined variable: menu_active
in APPPATH/Views/admin/layout/admin.php on line 31.
 1 APPPATH/Views/admin/layout/admin.php(31): CodeIgniter\Debug\Exceptions->errorHandler()
 2 SYSTEMPATH/View/View.php(213): include('APPPATH/Views/admin/layout/admin.php')
 3 SYSTEMPATH/View/View.php(216): CodeIgniter\View\View->CodeIgniter\View\{closure}()
 4 SYSTEMPATH/Common.php(1134): CodeIgniter\View\View->render()
 5 APPPATH/Controllers/Admin/DashboardController.php(11): view()
 6 SYSTEMPATH/CodeIgniter.php(927): App\Controllers\Admin\DashboardController->index()
 7 SYSTEMPATH/CodeIgniter.php(482): CodeIgniter\CodeIgniter->runController()
 8 SYSTEMPATH/CodeIgniter.php(351): CodeIgniter\CodeIgniter->handleRequest()
 9 FCPATH/index.php(67): CodeIgniter\CodeIgniter->run()
10 SYSTEMPATH/Commands/Server/rewrite.php(46): require_once('FCPATH/index.php')
CRITICAL - 2022-11-16 12:14:26 --> Undefined variable: menu_active
in APPPATH/Views/admin/layout/admin.php on line 31.
 1 APPPATH/Views/admin/layout/admin.php(31): CodeIgniter\Debug\Exceptions->errorHandler()
 2 SYSTEMPATH/View/View.php(213): include('APPPATH/Views/admin/layout/admin.php')
 3 SYSTEMPATH/View/View.php(216): CodeIgniter\View\View->CodeIgniter\View\{closure}()
 4 SYSTEMPATH/Common.php(1134): CodeIgniter\View\View->render()
 5 APPPATH/Controllers/Admin/DashboardController.php(11): view()
 6 SYSTEMPATH/CodeIgniter.php(927): App\Controllers\Admin\DashboardController->index()
 7 SYSTEMPATH/CodeIgniter.php(482): CodeIgniter\CodeIgniter->runController()
 8 SYSTEMPATH/CodeIgniter.php(351): CodeIgniter\CodeIgniter->handleRequest()
 9 FCPATH/index.php(67): CodeIgniter\CodeIgniter->run()
10 SYSTEMPATH/Commands/Server/rewrite.php(46): require_once('FCPATH/index.php')
CRITICAL - 2022-11-16 12:14:31 --> Undefined variable: menu_active
in APPPATH/Views/admin/layout/admin.php on line 31.
 1 APPPATH/Views/admin/layout/admin.php(31): CodeIgniter\Debug\Exceptions->errorHandler()
 2 SYSTEMPATH/View/View.php(213): include('APPPATH/Views/admin/layout/admin.php')
 3 SYSTEMPATH/View/View.php(216): CodeIgniter\View\View->CodeIgniter\View\{closure}()
 4 SYSTEMPATH/Common.php(1134): CodeIgniter\View\View->render()
 5 APPPATH/Controllers/Admin/DashboardController.php(11): view()
 6 SYSTEMPATH/CodeIgniter.php(927): App\Controllers\Admin\DashboardController->index()
 7 SYSTEMPATH/CodeIgniter.php(482): CodeIgniter\CodeIgniter->runController()
 8 SYSTEMPATH/CodeIgniter.php(351): CodeIgniter\CodeIgniter->handleRequest()
 9 FCPATH/index.php(67): CodeIgniter\CodeIgniter->run()
10 SYSTEMPATH/Commands/Server/rewrite.php(46): require_once('FCPATH/index.php')
=======
CRITICAL - 2022-11-16 12:19:16 --> Invalid file: admin/santri/pembayaran_MA.php
in SYSTEMPATH/Exceptions/FrameworkException.php on line 33.
 1 SYSTEMPATH/View/View.php(201): CodeIgniter\Exceptions\FrameworkException::forInvalidFile('admin/santri/pembayaran_MA.php')
 2 SYSTEMPATH/Common.php(1134): CodeIgniter\View\View->render('admin/santri/pembayaran_MA', [], true)
 3 APPPATH/Controllers/Admin/SantriController.php(36): view('admin/santri/pembayaran_MA', [...])
 4 SYSTEMPATH/CodeIgniter.php(927): App\Controllers\Admin\SantriController->pembayaran('MA')
 5 SYSTEMPATH/CodeIgniter.php(482): CodeIgniter\CodeIgniter->runController(Object(App\Controllers\Admin\SantriController))
 6 SYSTEMPATH/CodeIgniter.php(351): CodeIgniter\CodeIgniter->handleRequest(null, Object(Config\Cache), false)
 7 FCPATH/index.php(67): CodeIgniter\CodeIgniter->run()
 8 SYSTEMPATH/Commands/Server/rewrite.php(46): require_once('FCPATH/index.php')
CRITICAL - 2022-11-16 12:19:39 --> Invalid file: admin/santri/pembayaran_MA.php
in SYSTEMPATH/Exceptions/FrameworkException.php on line 33.
 1 SYSTEMPATH/View/View.php(201): CodeIgniter\Exceptions\FrameworkException::forInvalidFile('admin/santri/pembayaran_MA.php')
 2 SYSTEMPATH/Common.php(1134): CodeIgniter\View\View->render('admin/santri/pembayaran_MA', [], true)
 3 APPPATH/Controllers/Admin/SantriController.php(36): view('admin/santri/pembayaran_MA', [...])
 4 SYSTEMPATH/CodeIgniter.php(927): App\Controllers\Admin\SantriController->pembayaran('MA')
 5 SYSTEMPATH/CodeIgniter.php(482): CodeIgniter\CodeIgniter->runController(Object(App\Controllers\Admin\SantriController))
 6 SYSTEMPATH/CodeIgniter.php(351): CodeIgniter\CodeIgniter->handleRequest(null, Object(Config\Cache), false)
 7 FCPATH/index.php(67): CodeIgniter\CodeIgniter->run()
 8 SYSTEMPATH/Commands/Server/rewrite.php(46): require_once('FCPATH/index.php')
>>>>>>> bf5e97c813cd7eb4c579462e50efd9adbc5ac30a
CRITICAL - 2022-11-16 21:31:10 --> Call to undefined function form_open()
in APPPATH/Views/home/pages/form_pages.php on line 19.
 1 SYSTEMPATH/View/View.php(213): include()
 2 SYSTEMPATH/View/View.php(216): CodeIgniter\View\View->CodeIgniter\View\{closure}()
 3 SYSTEMPATH/Common.php(1134): CodeIgniter\View\View->render()
 4 APPPATH/Controllers/FormController.php(11): view()
 5 SYSTEMPATH/CodeIgniter.php(927): App\Controllers\FormController->index()
 6 SYSTEMPATH/CodeIgniter.php(482): CodeIgniter\CodeIgniter->runController()
 7 SYSTEMPATH/CodeIgniter.php(351): CodeIgniter\CodeIgniter->handleRequest()
 8 FCPATH/index.php(67): CodeIgniter\CodeIgniter->run()
 9 SYSTEMPATH/Commands/Server/rewrite.php(46): require_once('FCPATH/index.php')
CRITICAL - 2022-11-16 21:50:00 --> Undefined property: App\Controllers\FormController::$input
in APPPATH/Controllers/FormController.php on line 11.
 1 APPPATH/Controllers/FormController.php(11): CodeIgniter\Debug\Exceptions->errorHandler()
 2 SYSTEMPATH/CodeIgniter.php(927): App\Controllers\FormController->index()
 3 SYSTEMPATH/CodeIgniter.php(482): CodeIgniter\CodeIgniter->runController()
 4 SYSTEMPATH/CodeIgniter.php(351): CodeIgniter\CodeIgniter->handleRequest()
 5 FCPATH/index.php(67): CodeIgniter\CodeIgniter->run()
 6 SYSTEMPATH/Commands/Server/rewrite.php(46): require_once('FCPATH/index.php')
CRITICAL - 2022-11-16 23:42:04 --> Call to undefined function form_open()
in APPPATH/Views/home/pages/form_pages.php on line 20.
 1 SYSTEMPATH/View/View.php(213): include()
 2 SYSTEMPATH/View/View.php(216): CodeIgniter\View\View->CodeIgniter\View\{closure}()
 3 SYSTEMPATH/Common.php(1134): CodeIgniter\View\View->render()
 4 APPPATH/Controllers/FormController.php(12): view()
 5 SYSTEMPATH/CodeIgniter.php(927): App\Controllers\FormController->index()
 6 SYSTEMPATH/CodeIgniter.php(482): CodeIgniter\CodeIgniter->runController()
 7 SYSTEMPATH/CodeIgniter.php(351): CodeIgniter\CodeIgniter->handleRequest()
 8 FCPATH/index.php(67): CodeIgniter\CodeIgniter->run()
 9 SYSTEMPATH/Commands/Server/rewrite.php(46): require_once('FCPATH/index.php')
CRITICAL - 2022-11-16 23:43:38 --> Call to undefined function form_open()
in APPPATH/Views/home/pages/form_pages.php on line 20.
 1 SYSTEMPATH/View/View.php(213): include()
 2 SYSTEMPATH/View/View.php(216): CodeIgniter\View\View->CodeIgniter\View\{closure}()
 3 SYSTEMPATH/Common.php(1134): CodeIgniter\View\View->render()
 4 APPPATH/Controllers/FormController.php(12): view()
 5 SYSTEMPATH/CodeIgniter.php(927): App\Controllers\FormController->index()
 6 SYSTEMPATH/CodeIgniter.php(482): CodeIgniter\CodeIgniter->runController()
 7 SYSTEMPATH/CodeIgniter.php(351): CodeIgniter\CodeIgniter->handleRequest()
 8 FCPATH/index.php(67): CodeIgniter\CodeIgniter->run()
 9 SYSTEMPATH/Commands/Server/rewrite.php(46): require_once('FCPATH/index.php')
CRITICAL - 2022-11-16 23:45:54 --> Undefined property: CodeIgniter\View\View::$uri
in APPPATH/Views/home/pages/form_pages.php on line 20.
 1 APPPATH/Views/home/pages/form_pages.php(20): CodeIgniter\Debug\Exceptions->errorHandler()
 2 SYSTEMPATH/View/View.php(213): include('APPPATH/Views/home/pages/form_pages.php')
 3 SYSTEMPATH/View/View.php(216): CodeIgniter\View\View->CodeIgniter\View\{closure}()
 4 SYSTEMPATH/Common.php(1134): CodeIgniter\View\View->render()
 5 APPPATH/Controllers/FormController.php(12): view()
 6 SYSTEMPATH/CodeIgniter.php(927): App\Controllers\FormController->index()
 7 SYSTEMPATH/CodeIgniter.php(482): CodeIgniter\CodeIgniter->runController()
 8 SYSTEMPATH/CodeIgniter.php(351): CodeIgniter\CodeIgniter->handleRequest()
 9 FCPATH/index.php(67): CodeIgniter\CodeIgniter->run()
10 SYSTEMPATH/Commands/Server/rewrite.php(46): require_once('FCPATH/index.php')
