CRITICAL - 2022-11-18 00:15:59 --> Undefined variable: _SESSION
in APPPATH/Controllers/FormController.php on line 22.
 1 APPPATH/Controllers/FormController.php(22): CodeIgniter\Debug\Exceptions->errorHandler()
 2 SYSTEMPATH/CodeIgniter.php(927): App\Controllers\FormController->santri()
 3 SYSTEMPATH/CodeIgniter.php(482): CodeIgniter\CodeIgniter->runController()
 4 SYSTEMPATH/CodeIgniter.php(351): CodeIgniter\CodeIgniter->handleRequest()
 5 FCPATH/index.php(67): CodeIgniter\CodeIgniter->run()
 6 SYSTEMPATH/Commands/Server/rewrite.php(46): require_once('FCPATH/index.php')
CRITICAL - 2022-11-18 00:18:54 --> Undefined variable: _SESSION
in APPPATH/Controllers/FormController.php on line 22.
 1 APPPATH/Controllers/FormController.php(22): CodeIgniter\Debug\Exceptions->errorHandler()
 2 SYSTEMPATH/CodeIgniter.php(927): App\Controllers\FormController->santri()
 3 SYSTEMPATH/CodeIgniter.php(482): CodeIgniter\CodeIgniter->runController()
 4 SYSTEMPATH/CodeIgniter.php(351): CodeIgniter\CodeIgniter->handleRequest()
 5 FCPATH/index.php(67): CodeIgniter\CodeIgniter->run()
 6 SYSTEMPATH/Commands/Server/rewrite.php(46): require_once('FCPATH/index.php')
ERROR - 2022-11-18 01:22:51 --> mysqli_sql_exception: Column 'nik' cannot be null in /home/akfajricrt/My Project/psbponpes/system/Database/MySQLi/Connection.php:292
Stack trace:
#0 /home/akfajricrt/My Project/psbponpes/system/Database/MySQLi/Connection.php(292): mysqli->query()
#1 /home/akfajricrt/My Project/psbponpes/system/Database/BaseConnection.php(666): CodeIgniter\Database\MySQLi\Connection->execute()
#2 /home/akfajricrt/My Project/psbponpes/system/Database/BaseConnection.php(593): CodeIgniter\Database\BaseConnection->simpleQuery()
#3 /home/akfajricrt/My Project/psbponpes/system/Database/BaseBuilder.php(1916): CodeIgniter\Database\BaseConnection->query()
#4 /home/akfajricrt/My Project/psbponpes/system/Model.php(279): CodeIgniter\Database\BaseBuilder->insert()
#5 /home/akfajricrt/My Project/psbponpes/system/BaseModel.php(749): CodeIgniter\Model->doInsert()
#6 /home/akfajricrt/My Project/psbponpes/system/Model.php(667): CodeIgniter\BaseModel->insert()
#7 /home/akfajricrt/My Project/psbponpes/app/Controllers/FormController.php(55): CodeIgniter\Model->insert()
#8 /home/akfajricrt/My Project/psbponpes/system/CodeIgniter.php(927): App\Controllers\FormController->simpan()
#9 /home/akfajricrt/My Project/psbponpes/system/CodeIgniter.php(482): CodeIgniter\CodeIgniter->runController()
#10 /home/akfajricrt/My Project/psbponpes/system/CodeIgniter.php(351): CodeIgniter\CodeIgniter->handleRequest()
#11 /home/akfajricrt/My Project/psbponpes/public/index.php(67): CodeIgniter\CodeIgniter->run()
#12 /home/akfajricrt/My Project/psbponpes/system/Commands/Server/rewrite.php(46): require_once('/home/akfajricr...')
#13 {main}
CRITICAL - 2022-11-18 01:22:51 --> Column 'nik' cannot be null
in SYSTEMPATH/Database/MySQLi/Connection.php on line 292.
 1 SYSTEMPATH/Database/MySQLi/Connection.php(292): mysqli->query()
 2 SYSTEMPATH/Database/BaseConnection.php(666): CodeIgniter\Database\MySQLi\Connection->execute()
 3 SYSTEMPATH/Database/BaseConnection.php(593): CodeIgniter\Database\BaseConnection->simpleQuery()
 4 SYSTEMPATH/Database/BaseBuilder.php(1916): CodeIgniter\Database\BaseConnection->query()
 5 SYSTEMPATH/Model.php(279): CodeIgniter\Database\BaseBuilder->insert()
 6 SYSTEMPATH/BaseModel.php(749): CodeIgniter\Model->doInsert()
 7 SYSTEMPATH/Model.php(667): CodeIgniter\BaseModel->insert()
 8 APPPATH/Controllers/FormController.php(55): CodeIgniter\Model->insert()
 9 SYSTEMPATH/CodeIgniter.php(927): App\Controllers\FormController->simpan()
10 SYSTEMPATH/CodeIgniter.php(482): CodeIgniter\CodeIgniter->runController()
11 SYSTEMPATH/CodeIgniter.php(351): CodeIgniter\CodeIgniter->handleRequest()
12 FCPATH/index.php(67): CodeIgniter\CodeIgniter->run()
13 SYSTEMPATH/Commands/Server/rewrite.php(46): require_once('FCPATH/index.php')
ERROR - 2022-11-18 01:24:26 --> mysqli_sql_exception: Column 'nik' cannot be null in /home/akfajricrt/My Project/psbponpes/system/Database/MySQLi/Connection.php:292
Stack trace:
#0 /home/akfajricrt/My Project/psbponpes/system/Database/MySQLi/Connection.php(292): mysqli->query()
#1 /home/akfajricrt/My Project/psbponpes/system/Database/BaseConnection.php(666): CodeIgniter\Database\MySQLi\Connection->execute()
#2 /home/akfajricrt/My Project/psbponpes/system/Database/BaseConnection.php(593): CodeIgniter\Database\BaseConnection->simpleQuery()
#3 /home/akfajricrt/My Project/psbponpes/system/Database/BaseBuilder.php(1916): CodeIgniter\Database\BaseConnection->query()
#4 /home/akfajricrt/My Project/psbponpes/system/Model.php(279): CodeIgniter\Database\BaseBuilder->insert()
#5 /home/akfajricrt/My Project/psbponpes/system/BaseModel.php(749): CodeIgniter\Model->doInsert()
#6 /home/akfajricrt/My Project/psbponpes/system/Model.php(667): CodeIgniter\BaseModel->insert()
#7 /home/akfajricrt/My Project/psbponpes/app/Controllers/FormController.php(55): CodeIgniter\Model->insert()
#8 /home/akfajricrt/My Project/psbponpes/system/CodeIgniter.php(927): App\Controllers\FormController->simpan()
#9 /home/akfajricrt/My Project/psbponpes/system/CodeIgniter.php(482): CodeIgniter\CodeIgniter->runController()
#10 /home/akfajricrt/My Project/psbponpes/system/CodeIgniter.php(351): CodeIgniter\CodeIgniter->handleRequest()
#11 /home/akfajricrt/My Project/psbponpes/public/index.php(67): CodeIgniter\CodeIgniter->run()
#12 /home/akfajricrt/My Project/psbponpes/system/Commands/Server/rewrite.php(46): require_once('/home/akfajricr...')
#13 {main}
CRITICAL - 2022-11-18 01:24:26 --> Column 'nik' cannot be null
in SYSTEMPATH/Database/MySQLi/Connection.php on line 292.
 1 SYSTEMPATH/Database/MySQLi/Connection.php(292): mysqli->query()
 2 SYSTEMPATH/Database/BaseConnection.php(666): CodeIgniter\Database\MySQLi\Connection->execute()
 3 SYSTEMPATH/Database/BaseConnection.php(593): CodeIgniter\Database\BaseConnection->simpleQuery()
 4 SYSTEMPATH/Database/BaseBuilder.php(1916): CodeIgniter\Database\BaseConnection->query()
 5 SYSTEMPATH/Model.php(279): CodeIgniter\Database\BaseBuilder->insert()
 6 SYSTEMPATH/BaseModel.php(749): CodeIgniter\Model->doInsert()
 7 SYSTEMPATH/Model.php(667): CodeIgniter\BaseModel->insert()
 8 APPPATH/Controllers/FormController.php(55): CodeIgniter\Model->insert()
 9 SYSTEMPATH/CodeIgniter.php(927): App\Controllers\FormController->simpan()
10 SYSTEMPATH/CodeIgniter.php(482): CodeIgniter\CodeIgniter->runController()
11 SYSTEMPATH/CodeIgniter.php(351): CodeIgniter\CodeIgniter->handleRequest()
12 FCPATH/index.php(67): CodeIgniter\CodeIgniter->run()
13 SYSTEMPATH/Commands/Server/rewrite.php(46): require_once('FCPATH/index.php')
ERROR - 2022-11-18 01:24:53 --> mysqli_sql_exception: Column 'nik' cannot be null in /home/akfajricrt/My Project/psbponpes/system/Database/MySQLi/Connection.php:292
Stack trace:
#0 /home/akfajricrt/My Project/psbponpes/system/Database/MySQLi/Connection.php(292): mysqli->query()
#1 /home/akfajricrt/My Project/psbponpes/system/Database/BaseConnection.php(666): CodeIgniter\Database\MySQLi\Connection->execute()
#2 /home/akfajricrt/My Project/psbponpes/system/Database/BaseConnection.php(593): CodeIgniter\Database\BaseConnection->simpleQuery()
#3 /home/akfajricrt/My Project/psbponpes/system/Database/BaseBuilder.php(1916): CodeIgniter\Database\BaseConnection->query()
#4 /home/akfajricrt/My Project/psbponpes/system/Model.php(279): CodeIgniter\Database\BaseBuilder->insert()
#5 /home/akfajricrt/My Project/psbponpes/system/BaseModel.php(749): CodeIgniter\Model->doInsert()
#6 /home/akfajricrt/My Project/psbponpes/system/Model.php(667): CodeIgniter\BaseModel->insert()
#7 /home/akfajricrt/My Project/psbponpes/app/Controllers/FormController.php(55): CodeIgniter\Model->insert()
#8 /home/akfajricrt/My Project/psbponpes/system/CodeIgniter.php(927): App\Controllers\FormController->simpan()
#9 /home/akfajricrt/My Project/psbponpes/system/CodeIgniter.php(482): CodeIgniter\CodeIgniter->runController()
#10 /home/akfajricrt/My Project/psbponpes/system/CodeIgniter.php(351): CodeIgniter\CodeIgniter->handleRequest()
#11 /home/akfajricrt/My Project/psbponpes/public/index.php(67): CodeIgniter\CodeIgniter->run()
#12 /home/akfajricrt/My Project/psbponpes/system/Commands/Server/rewrite.php(46): require_once('/home/akfajricr...')
#13 {main}
CRITICAL - 2022-11-18 01:24:53 --> Column 'nik' cannot be null
in SYSTEMPATH/Database/MySQLi/Connection.php on line 292.
 1 SYSTEMPATH/Database/MySQLi/Connection.php(292): mysqli->query()
 2 SYSTEMPATH/Database/BaseConnection.php(666): CodeIgniter\Database\MySQLi\Connection->execute()
 3 SYSTEMPATH/Database/BaseConnection.php(593): CodeIgniter\Database\BaseConnection->simpleQuery()
 4 SYSTEMPATH/Database/BaseBuilder.php(1916): CodeIgniter\Database\BaseConnection->query()
 5 SYSTEMPATH/Model.php(279): CodeIgniter\Database\BaseBuilder->insert()
 6 SYSTEMPATH/BaseModel.php(749): CodeIgniter\Model->doInsert()
 7 SYSTEMPATH/Model.php(667): CodeIgniter\BaseModel->insert()
 8 APPPATH/Controllers/FormController.php(55): CodeIgniter\Model->insert()
 9 SYSTEMPATH/CodeIgniter.php(927): App\Controllers\FormController->simpan()
10 SYSTEMPATH/CodeIgniter.php(482): CodeIgniter\CodeIgniter->runController()
11 SYSTEMPATH/CodeIgniter.php(351): CodeIgniter\CodeIgniter->handleRequest()
12 FCPATH/index.php(67): CodeIgniter\CodeIgniter->run()
13 SYSTEMPATH/Commands/Server/rewrite.php(46): require_once('FCPATH/index.php')
ERROR - 2022-11-18 01:25:19 --> mysqli_sql_exception: Column 'nik' cannot be null in /home/akfajricrt/My Project/psbponpes/system/Database/MySQLi/Connection.php:292
Stack trace:
#0 /home/akfajricrt/My Project/psbponpes/system/Database/MySQLi/Connection.php(292): mysqli->query()
#1 /home/akfajricrt/My Project/psbponpes/system/Database/BaseConnection.php(666): CodeIgniter\Database\MySQLi\Connection->execute()
#2 /home/akfajricrt/My Project/psbponpes/system/Database/BaseConnection.php(593): CodeIgniter\Database\BaseConnection->simpleQuery()
#3 /home/akfajricrt/My Project/psbponpes/system/Database/BaseBuilder.php(1916): CodeIgniter\Database\BaseConnection->query()
#4 /home/akfajricrt/My Project/psbponpes/system/Model.php(279): CodeIgniter\Database\BaseBuilder->insert()
#5 /home/akfajricrt/My Project/psbponpes/system/BaseModel.php(749): CodeIgniter\Model->doInsert()
#6 /home/akfajricrt/My Project/psbponpes/system/Model.php(667): CodeIgniter\BaseModel->insert()
#7 /home/akfajricrt/My Project/psbponpes/app/Controllers/FormController.php(55): CodeIgniter\Model->insert()
#8 /home/akfajricrt/My Project/psbponpes/system/CodeIgniter.php(927): App\Controllers\FormController->simpan()
#9 /home/akfajricrt/My Project/psbponpes/system/CodeIgniter.php(482): CodeIgniter\CodeIgniter->runController()
#10 /home/akfajricrt/My Project/psbponpes/system/CodeIgniter.php(351): CodeIgniter\CodeIgniter->handleRequest()
#11 /home/akfajricrt/My Project/psbponpes/public/index.php(67): CodeIgniter\CodeIgniter->run()
#12 /home/akfajricrt/My Project/psbponpes/system/Commands/Server/rewrite.php(46): require_once('/home/akfajricr...')
#13 {main}
CRITICAL - 2022-11-18 01:25:19 --> Column 'nik' cannot be null
in SYSTEMPATH/Database/MySQLi/Connection.php on line 292.
 1 SYSTEMPATH/Database/MySQLi/Connection.php(292): mysqli->query()
 2 SYSTEMPATH/Database/BaseConnection.php(666): CodeIgniter\Database\MySQLi\Connection->execute()
 3 SYSTEMPATH/Database/BaseConnection.php(593): CodeIgniter\Database\BaseConnection->simpleQuery()
 4 SYSTEMPATH/Database/BaseBuilder.php(1916): CodeIgniter\Database\BaseConnection->query()
 5 SYSTEMPATH/Model.php(279): CodeIgniter\Database\BaseBuilder->insert()
 6 SYSTEMPATH/BaseModel.php(749): CodeIgniter\Model->doInsert()
 7 SYSTEMPATH/Model.php(667): CodeIgniter\BaseModel->insert()
 8 APPPATH/Controllers/FormController.php(55): CodeIgniter\Model->insert()
 9 SYSTEMPATH/CodeIgniter.php(927): App\Controllers\FormController->simpan()
10 SYSTEMPATH/CodeIgniter.php(482): CodeIgniter\CodeIgniter->runController()
11 SYSTEMPATH/CodeIgniter.php(351): CodeIgniter\CodeIgniter->handleRequest()
12 FCPATH/index.php(67): CodeIgniter\CodeIgniter->run()
13 SYSTEMPATH/Commands/Server/rewrite.php(46): require_once('FCPATH/index.php')
ERROR - 2022-11-18 01:25:59 --> mysqli_sql_exception: Column 'nama' cannot be null in /home/akfajricrt/My Project/psbponpes/system/Database/MySQLi/Connection.php:292
Stack trace:
#0 /home/akfajricrt/My Project/psbponpes/system/Database/MySQLi/Connection.php(292): mysqli->query()
#1 /home/akfajricrt/My Project/psbponpes/system/Database/BaseConnection.php(666): CodeIgniter\Database\MySQLi\Connection->execute()
#2 /home/akfajricrt/My Project/psbponpes/system/Database/BaseConnection.php(593): CodeIgniter\Database\BaseConnection->simpleQuery()
#3 /home/akfajricrt/My Project/psbponpes/system/Database/BaseBuilder.php(1916): CodeIgniter\Database\BaseConnection->query()
#4 /home/akfajricrt/My Project/psbponpes/system/Model.php(279): CodeIgniter\Database\BaseBuilder->insert()
#5 /home/akfajricrt/My Project/psbponpes/system/BaseModel.php(749): CodeIgniter\Model->doInsert()
#6 /home/akfajricrt/My Project/psbponpes/system/Model.php(667): CodeIgniter\BaseModel->insert()
#7 /home/akfajricrt/My Project/psbponpes/app/Controllers/FormController.php(55): CodeIgniter\Model->insert()
#8 /home/akfajricrt/My Project/psbponpes/system/CodeIgniter.php(927): App\Controllers\FormController->simpan()
#9 /home/akfajricrt/My Project/psbponpes/system/CodeIgniter.php(482): CodeIgniter\CodeIgniter->runController()
#10 /home/akfajricrt/My Project/psbponpes/system/CodeIgniter.php(351): CodeIgniter\CodeIgniter->handleRequest()
#11 /home/akfajricrt/My Project/psbponpes/public/index.php(67): CodeIgniter\CodeIgniter->run()
#12 /home/akfajricrt/My Project/psbponpes/system/Commands/Server/rewrite.php(46): require_once('/home/akfajricr...')
#13 {main}
CRITICAL - 2022-11-18 01:25:59 --> Column 'nama' cannot be null
in SYSTEMPATH/Database/MySQLi/Connection.php on line 292.
 1 SYSTEMPATH/Database/MySQLi/Connection.php(292): mysqli->query()
 2 SYSTEMPATH/Database/BaseConnection.php(666): CodeIgniter\Database\MySQLi\Connection->execute()
 3 SYSTEMPATH/Database/BaseConnection.php(593): CodeIgniter\Database\BaseConnection->simpleQuery()
 4 SYSTEMPATH/Database/BaseBuilder.php(1916): CodeIgniter\Database\BaseConnection->query()
 5 SYSTEMPATH/Model.php(279): CodeIgniter\Database\BaseBuilder->insert()
 6 SYSTEMPATH/BaseModel.php(749): CodeIgniter\Model->doInsert()
 7 SYSTEMPATH/Model.php(667): CodeIgniter\BaseModel->insert()
 8 APPPATH/Controllers/FormController.php(55): CodeIgniter\Model->insert()
 9 SYSTEMPATH/CodeIgniter.php(927): App\Controllers\FormController->simpan()
10 SYSTEMPATH/CodeIgniter.php(482): CodeIgniter\CodeIgniter->runController()
11 SYSTEMPATH/CodeIgniter.php(351): CodeIgniter\CodeIgniter->handleRequest()
12 FCPATH/index.php(67): CodeIgniter\CodeIgniter->run()
13 SYSTEMPATH/Commands/Server/rewrite.php(46): require_once('FCPATH/index.php')
ERROR - 2022-11-18 01:27:18 --> mysqli_sql_exception: Column 'gender' cannot be null in /home/akfajricrt/My Project/psbponpes/system/Database/MySQLi/Connection.php:292
Stack trace:
#0 /home/akfajricrt/My Project/psbponpes/system/Database/MySQLi/Connection.php(292): mysqli->query()
#1 /home/akfajricrt/My Project/psbponpes/system/Database/BaseConnection.php(666): CodeIgniter\Database\MySQLi\Connection->execute()
#2 /home/akfajricrt/My Project/psbponpes/system/Database/BaseConnection.php(593): CodeIgniter\Database\BaseConnection->simpleQuery()
#3 /home/akfajricrt/My Project/psbponpes/system/Database/BaseBuilder.php(1916): CodeIgniter\Database\BaseConnection->query()
#4 /home/akfajricrt/My Project/psbponpes/system/Model.php(279): CodeIgniter\Database\BaseBuilder->insert()
#5 /home/akfajricrt/My Project/psbponpes/system/BaseModel.php(749): CodeIgniter\Model->doInsert()
#6 /home/akfajricrt/My Project/psbponpes/system/Model.php(667): CodeIgniter\BaseModel->insert()
#7 /home/akfajricrt/My Project/psbponpes/app/Controllers/FormController.php(55): CodeIgniter\Model->insert()
#8 /home/akfajricrt/My Project/psbponpes/system/CodeIgniter.php(927): App\Controllers\FormController->simpan()
#9 /home/akfajricrt/My Project/psbponpes/system/CodeIgniter.php(482): CodeIgniter\CodeIgniter->runController()
#10 /home/akfajricrt/My Project/psbponpes/system/CodeIgniter.php(351): CodeIgniter\CodeIgniter->handleRequest()
#11 /home/akfajricrt/My Project/psbponpes/public/index.php(67): CodeIgniter\CodeIgniter->run()
#12 /home/akfajricrt/My Project/psbponpes/system/Commands/Server/rewrite.php(46): require_once('/home/akfajricr...')
#13 {main}
CRITICAL - 2022-11-18 01:27:18 --> Column 'gender' cannot be null
in SYSTEMPATH/Database/MySQLi/Connection.php on line 292.
 1 SYSTEMPATH/Database/MySQLi/Connection.php(292): mysqli->query()
 2 SYSTEMPATH/Database/BaseConnection.php(666): CodeIgniter\Database\MySQLi\Connection->execute()
 3 SYSTEMPATH/Database/BaseConnection.php(593): CodeIgniter\Database\BaseConnection->simpleQuery()
 4 SYSTEMPATH/Database/BaseBuilder.php(1916): CodeIgniter\Database\BaseConnection->query()
 5 SYSTEMPATH/Model.php(279): CodeIgniter\Database\BaseBuilder->insert()
 6 SYSTEMPATH/BaseModel.php(749): CodeIgniter\Model->doInsert()
 7 SYSTEMPATH/Model.php(667): CodeIgniter\BaseModel->insert()
 8 APPPATH/Controllers/FormController.php(55): CodeIgniter\Model->insert()
 9 SYSTEMPATH/CodeIgniter.php(927): App\Controllers\FormController->simpan()
10 SYSTEMPATH/CodeIgniter.php(482): CodeIgniter\CodeIgniter->runController()
11 SYSTEMPATH/CodeIgniter.php(351): CodeIgniter\CodeIgniter->handleRequest()
12 FCPATH/index.php(67): CodeIgniter\CodeIgniter->run()
13 SYSTEMPATH/Commands/Server/rewrite.php(46): require_once('FCPATH/index.php')
CRITICAL - 2022-11-18 01:46:51 --> Cannot call constructor
in APPPATH/Controllers/FormController.php on line 14.
 1 SYSTEMPATH/CodeIgniter.php(889): App\Controllers\FormController->__construct()
 2 SYSTEMPATH/CodeIgniter.php(473): CodeIgniter\CodeIgniter->createController()
 3 SYSTEMPATH/CodeIgniter.php(351): CodeIgniter\CodeIgniter->handleRequest()
 4 FCPATH/index.php(67): CodeIgniter\CodeIgniter->run()
 5 SYSTEMPATH/Commands/Server/rewrite.php(46): require_once('FCPATH/index.php')
CRITICAL - 2022-11-18 01:47:03 --> Undefined property: App\Controllers\FormController::$load
in APPPATH/Controllers/FormController.php on line 15.
 1 APPPATH/Controllers/FormController.php(15): CodeIgniter\Debug\Exceptions->errorHandler()
 2 SYSTEMPATH/CodeIgniter.php(889): App\Controllers\FormController->__construct()
 3 SYSTEMPATH/CodeIgniter.php(473): CodeIgniter\CodeIgniter->createController()
 4 SYSTEMPATH/CodeIgniter.php(351): CodeIgniter\CodeIgniter->handleRequest()
 5 FCPATH/index.php(67): CodeIgniter\CodeIgniter->run()
 6 SYSTEMPATH/Commands/Server/rewrite.php(46): require_once('FCPATH/index.php')
CRITICAL - 2022-11-18 02:40:28 --> Undefined variable: validation
in APPPATH/Views/home/pages/santri_pages.php on line 15.
 1 APPPATH/Views/home/pages/santri_pages.php(15): CodeIgniter\Debug\Exceptions->errorHandler()
 2 SYSTEMPATH/View/View.php(213): include('APPPATH/Views/home/pages/santri_pages.php')
 3 SYSTEMPATH/View/View.php(216): CodeIgniter\View\View->CodeIgniter\View\{closure}()
 4 SYSTEMPATH/Common.php(1134): CodeIgniter\View\View->render()
 5 APPPATH/Controllers/FormController.php(89): view()
 6 SYSTEMPATH/CodeIgniter.php(927): App\Controllers\FormController->simpanSantri()
 7 SYSTEMPATH/CodeIgniter.php(482): CodeIgniter\CodeIgniter->runController()
 8 SYSTEMPATH/CodeIgniter.php(351): CodeIgniter\CodeIgniter->handleRequest()
 9 FCPATH/index.php(67): CodeIgniter\CodeIgniter->run()
10 SYSTEMPATH/Commands/Server/rewrite.php(46): require_once('FCPATH/index.php')
CRITICAL - 2022-11-18 02:41:06 --> Undefined variable: validation
in APPPATH/Views/home/pages/santri_pages.php on line 15.
 1 APPPATH/Views/home/pages/santri_pages.php(15): CodeIgniter\Debug\Exceptions->errorHandler()
 2 SYSTEMPATH/View/View.php(213): include('APPPATH/Views/home/pages/santri_pages.php')
 3 SYSTEMPATH/View/View.php(216): CodeIgniter\View\View->CodeIgniter\View\{closure}()
 4 SYSTEMPATH/Common.php(1134): CodeIgniter\View\View->render()
 5 APPPATH/Controllers/FormController.php(89): view()
 6 SYSTEMPATH/CodeIgniter.php(927): App\Controllers\FormController->simpanSantri()
 7 SYSTEMPATH/CodeIgniter.php(482): CodeIgniter\CodeIgniter->runController()
 8 SYSTEMPATH/CodeIgniter.php(351): CodeIgniter\CodeIgniter->handleRequest()
 9 FCPATH/index.php(67): CodeIgniter\CodeIgniter->run()
10 SYSTEMPATH/Commands/Server/rewrite.php(46): require_once('FCPATH/index.php')
CRITICAL - 2022-11-18 02:41:39 --> Undefined variable: validation
in APPPATH/Views/home/pages/santri_pages.php on line 15.
 1 APPPATH/Views/home/pages/santri_pages.php(15): CodeIgniter\Debug\Exceptions->errorHandler()
 2 SYSTEMPATH/View/View.php(213): include('APPPATH/Views/home/pages/santri_pages.php')
 3 SYSTEMPATH/View/View.php(216): CodeIgniter\View\View->CodeIgniter\View\{closure}()
 4 SYSTEMPATH/Common.php(1134): CodeIgniter\View\View->render()
 5 APPPATH/Controllers/FormController.php(89): view()
 6 SYSTEMPATH/CodeIgniter.php(927): App\Controllers\FormController->simpanSantri()
 7 SYSTEMPATH/CodeIgniter.php(482): CodeIgniter\CodeIgniter->runController()
 8 SYSTEMPATH/CodeIgniter.php(351): CodeIgniter\CodeIgniter->handleRequest()
 9 FCPATH/index.php(67): CodeIgniter\CodeIgniter->run()
10 SYSTEMPATH/Commands/Server/rewrite.php(46): require_once('FCPATH/index.php')
CRITICAL - 2022-11-18 03:39:16 --> Array to string conversion
in APPPATH/Views/home/pages/santri_pages.php on line 47.
 1 APPPATH/Views/home/pages/santri_pages.php(47): CodeIgniter\Debug\Exceptions->errorHandler()
 2 SYSTEMPATH/View/View.php(213): include('APPPATH/Views/home/pages/santri_pages.php')
 3 SYSTEMPATH/View/View.php(216): CodeIgniter\View\View->CodeIgniter\View\{closure}()
 4 SYSTEMPATH/Common.php(1134): CodeIgniter\View\View->render()
 5 APPPATH/Controllers/FormController.php(18): view()
 6 SYSTEMPATH/CodeIgniter.php(927): App\Controllers\FormController->santri()
 7 SYSTEMPATH/CodeIgniter.php(482): CodeIgniter\CodeIgniter->runController()
 8 SYSTEMPATH/CodeIgniter.php(351): CodeIgniter\CodeIgniter->handleRequest()
 9 FCPATH/index.php(67): CodeIgniter\CodeIgniter->run()
10 SYSTEMPATH/Commands/Server/rewrite.php(46): require_once('FCPATH/index.php')
CRITICAL - 2022-11-18 06:37:42 --> Undefined variable: validation
in APPPATH/Views/home/pages/wali_pages.php on line 38.
 1 APPPATH/Views/home/pages/wali_pages.php(38): CodeIgniter\Debug\Exceptions->errorHandler()
 2 SYSTEMPATH/View/View.php(213): include('APPPATH/Views/home/pages/wali_pages.php')
 3 SYSTEMPATH/View/View.php(216): CodeIgniter\View\View->CodeIgniter\View\{closure}()
 4 SYSTEMPATH/Common.php(1134): CodeIgniter\View\View->render()
 5 APPPATH/Controllers/FormController.php(24): view()
 6 SYSTEMPATH/CodeIgniter.php(927): App\Controllers\FormController->wali()
 7 SYSTEMPATH/CodeIgniter.php(482): CodeIgniter\CodeIgniter->runController()
 8 SYSTEMPATH/CodeIgniter.php(351): CodeIgniter\CodeIgniter->handleRequest()
 9 FCPATH/index.php(67): CodeIgniter\CodeIgniter->run()
10 SYSTEMPATH/Commands/Server/rewrite.php(46): require_once('FCPATH/index.php')
