CRITICAL - 2022-11-20 00:52:19 --> Undefined offset: 1
in VENDORPATH/myth/auth/src/Authentication/Passwords/NothingPersonalValidator.php on line 77.
 1 VENDORPATH/myth/auth/src/Authentication/Passwords/NothingPersonalValidator.php(77): CodeIgniter\Debug\Exceptions->errorHandler()
 2 VENDORPATH/myth/auth/src/Authentication/Passwords/NothingPersonalValidator.php(26): Myth\Auth\Authentication\Passwords\NothingPersonalValidator->isNotPersonal()
 3 VENDORPATH/myth/auth/src/Authentication/Passwords/PasswordValidator.php(46): Myth\Auth\Authentication\Passwords\NothingPersonalValidator->check()
 4 VENDORPATH/myth/auth/src/Authentication/Passwords/ValidationRules.php(42): Myth\Auth\Authentication\Passwords\PasswordValidator->check()
 5 SYSTEMPATH/Validation/Validation.php(314): Myth\Auth\Authentication\Passwords\ValidationRules->strong_password()
 6 SYSTEMPATH/Validation/Validation.php(175): CodeIgniter\Validation\Validation->processRules()
 7 SYSTEMPATH/Controller.php(140): CodeIgniter\Validation\Validation->run()
 8 VENDORPATH/myth/auth/src/Controllers/AuthController.php(164): CodeIgniter\Controller->validate()
 9 SYSTEMPATH/CodeIgniter.php(927): Myth\Auth\Controllers\AuthController->attemptRegister()
10 SYSTEMPATH/CodeIgniter.php(482): CodeIgniter\CodeIgniter->runController()
11 SYSTEMPATH/CodeIgniter.php(351): CodeIgniter\CodeIgniter->handleRequest()
12 FCPATH/index.php(67): CodeIgniter\CodeIgniter->run()
13 SYSTEMPATH/Commands/Server/rewrite.php(46): require_once('FCPATH/index.php')
CRITICAL - 2022-11-20 00:53:36 --> Undefined offset: 1
in VENDORPATH/myth/auth/src/Authentication/Passwords/NothingPersonalValidator.php on line 77.
 1 VENDORPATH/myth/auth/src/Authentication/Passwords/NothingPersonalValidator.php(77): CodeIgniter\Debug\Exceptions->errorHandler()
 2 VENDORPATH/myth/auth/src/Authentication/Passwords/NothingPersonalValidator.php(26): Myth\Auth\Authentication\Passwords\NothingPersonalValidator->isNotPersonal()
 3 VENDORPATH/myth/auth/src/Authentication/Passwords/PasswordValidator.php(46): Myth\Auth\Authentication\Passwords\NothingPersonalValidator->check()
 4 VENDORPATH/myth/auth/src/Authentication/Passwords/ValidationRules.php(42): Myth\Auth\Authentication\Passwords\PasswordValidator->check()
 5 SYSTEMPATH/Validation/Validation.php(314): Myth\Auth\Authentication\Passwords\ValidationRules->strong_password()
 6 SYSTEMPATH/Validation/Validation.php(175): CodeIgniter\Validation\Validation->processRules()
 7 SYSTEMPATH/Controller.php(140): CodeIgniter\Validation\Validation->run()
 8 VENDORPATH/myth/auth/src/Controllers/AuthController.php(164): CodeIgniter\Controller->validate()
 9 SYSTEMPATH/CodeIgniter.php(927): Myth\Auth\Controllers\AuthController->attemptRegister()
10 SYSTEMPATH/CodeIgniter.php(482): CodeIgniter\CodeIgniter->runController()
11 SYSTEMPATH/CodeIgniter.php(351): CodeIgniter\CodeIgniter->handleRequest()
12 FCPATH/index.php(67): CodeIgniter\CodeIgniter->run()
13 SYSTEMPATH/Commands/Server/rewrite.php(46): require_once('FCPATH/index.php')
ERROR - 2022-11-20 00:55:00 --> Email: Unable to send email using PHP mail(). Your server might not be configured to send mail using this method.
ERROR - 2022-11-20 00:55:00 --> 
CRITICAL - 2022-11-20 00:56:17 --> Class name must be a valid object or a string
in VENDORPATH/myth/auth/src/Config/Services.php on line 81.
 1 SYSTEMPATH/Config/BaseService.php(253): Myth\Auth\Config\Services::activator()
 2 SYSTEMPATH/Config/BaseService.php(194): CodeIgniter\Config\BaseService::__callStatic()
 3 VENDORPATH/myth/auth/src/Config/Services.php(74): CodeIgniter\Config\BaseService::getSharedInstance()
 4 SYSTEMPATH/Config/BaseService.php(253): Myth\Auth\Config\Services::activator()
 5 SYSTEMPATH/Common.php(959): CodeIgniter\Config\BaseService::__callStatic()
 6 VENDORPATH/myth/auth/src/Controllers/AuthController.php(184): service()
 7 SYSTEMPATH/CodeIgniter.php(927): Myth\Auth\Controllers\AuthController->attemptRegister()
 8 SYSTEMPATH/CodeIgniter.php(482): CodeIgniter\CodeIgniter->runController()
 9 SYSTEMPATH/CodeIgniter.php(351): CodeIgniter\CodeIgniter->handleRequest()
10 FCPATH/index.php(67): CodeIgniter\CodeIgniter->run()
11 SYSTEMPATH/Commands/Server/rewrite.php(46): require_once('FCPATH/index.php')
CRITICAL - 2022-11-20 00:58:22 --> Class name must be a valid object or a string
in VENDORPATH/myth/auth/src/Config/Services.php on line 81.
 1 SYSTEMPATH/Config/BaseService.php(253): Myth\Auth\Config\Services::activator()
 2 SYSTEMPATH/Config/BaseService.php(194): CodeIgniter\Config\BaseService::__callStatic()
 3 VENDORPATH/myth/auth/src/Config/Services.php(74): CodeIgniter\Config\BaseService::getSharedInstance()
 4 SYSTEMPATH/Config/BaseService.php(253): Myth\Auth\Config\Services::activator()
 5 SYSTEMPATH/Common.php(959): CodeIgniter\Config\BaseService::__callStatic()
 6 VENDORPATH/myth/auth/src/Controllers/AuthController.php(399): service()
 7 SYSTEMPATH/CodeIgniter.php(927): Myth\Auth\Controllers\AuthController->resendActivateAccount()
 8 SYSTEMPATH/CodeIgniter.php(482): CodeIgniter\CodeIgniter->runController()
 9 SYSTEMPATH/CodeIgniter.php(351): CodeIgniter\CodeIgniter->handleRequest()
10 FCPATH/index.php(67): CodeIgniter\CodeIgniter->run()
11 SYSTEMPATH/Commands/Server/rewrite.php(46): require_once('FCPATH/index.php')
ERROR - 2022-11-20 00:58:41 --> Email: Unable to send email using PHP mail(). Your server might not be configured to send mail using this method.
ERROR - 2022-11-20 00:58:41 --> 
CRITICAL - 2022-11-20 01:21:53 --> Class name must be a valid object or a string
in VENDORPATH/myth/auth/src/Config/Services.php on line 81.
 1 SYSTEMPATH/Config/BaseService.php(253): Myth\Auth\Config\Services::activator()
 2 SYSTEMPATH/Config/BaseService.php(194): CodeIgniter\Config\BaseService::__callStatic()
 3 VENDORPATH/myth/auth/src/Config/Services.php(74): CodeIgniter\Config\BaseService::getSharedInstance()
 4 SYSTEMPATH/Config/BaseService.php(253): Myth\Auth\Config\Services::activator()
 5 SYSTEMPATH/Common.php(959): CodeIgniter\Config\BaseService::__callStatic()
 6 VENDORPATH/myth/auth/src/Controllers/AuthController.php(399): service()
 7 SYSTEMPATH/CodeIgniter.php(927): Myth\Auth\Controllers\AuthController->resendActivateAccount()
 8 SYSTEMPATH/CodeIgniter.php(482): CodeIgniter\CodeIgniter->runController()
 9 SYSTEMPATH/CodeIgniter.php(351): CodeIgniter\CodeIgniter->handleRequest()
10 FCPATH/index.php(67): CodeIgniter\CodeIgniter->run()
11 SYSTEMPATH/Commands/Server/rewrite.php(46): require_once('FCPATH/index.php')
CRITICAL - 2022-11-20 01:26:05 --> Class name must be a valid object or a string
in VENDORPATH/myth/auth/src/Config/Services.php on line 81.
 1 SYSTEMPATH/Config/BaseService.php(253): Myth\Auth\Config\Services::activator()
 2 SYSTEMPATH/Config/BaseService.php(194): CodeIgniter\Config\BaseService::__callStatic()
 3 VENDORPATH/myth/auth/src/Config/Services.php(74): CodeIgniter\Config\BaseService::getSharedInstance()
 4 SYSTEMPATH/Config/BaseService.php(253): Myth\Auth\Config\Services::activator()
 5 SYSTEMPATH/Common.php(959): CodeIgniter\Config\BaseService::__callStatic()
 6 VENDORPATH/myth/auth/src/Controllers/AuthController.php(184): service()
 7 SYSTEMPATH/CodeIgniter.php(927): Myth\Auth\Controllers\AuthController->attemptRegister()
 8 SYSTEMPATH/CodeIgniter.php(482): CodeIgniter\CodeIgniter->runController()
 9 SYSTEMPATH/CodeIgniter.php(351): CodeIgniter\CodeIgniter->handleRequest()
10 FCPATH/index.php(67): CodeIgniter\CodeIgniter->run()
11 SYSTEMPATH/Commands/Server/rewrite.php(46): require_once('FCPATH/index.php')
CRITICAL - 2022-11-20 02:28:41 --> You do not have sufficient permissions to access that page.
in VENDORPATH/myth/auth/src/Filters/RoleFilter.php on line 45.
 1 SYSTEMPATH/Filters/Filters.php(173): Myth\Auth\Filters\RoleFilter->before()
 2 SYSTEMPATH/CodeIgniter.php(455): CodeIgniter\Filters\Filters->run()
 3 SYSTEMPATH/CodeIgniter.php(351): CodeIgniter\CodeIgniter->handleRequest()
 4 FCPATH/index.php(67): CodeIgniter\CodeIgniter->run()
 5 SYSTEMPATH/Commands/Server/rewrite.php(46): require_once('FCPATH/index.php')
CRITICAL - 2022-11-20 02:30:51 --> You do not have sufficient permissions to access that page.
in VENDORPATH/myth/auth/src/Filters/RoleFilter.php on line 45.
 1 SYSTEMPATH/Filters/Filters.php(173): Myth\Auth\Filters\RoleFilter->before()
 2 SYSTEMPATH/CodeIgniter.php(455): CodeIgniter\Filters\Filters->run()
 3 SYSTEMPATH/CodeIgniter.php(351): CodeIgniter\CodeIgniter->handleRequest()
 4 FCPATH/index.php(67): CodeIgniter\CodeIgniter->run()
 5 SYSTEMPATH/Commands/Server/rewrite.php(46): require_once('FCPATH/index.php')
CRITICAL - 2022-11-20 06:00:50 --> The route for "dashboard-santri" cannot be found.
in SYSTEMPATH/Helpers/url_helper.php on line 543.
 1 SYSTEMPATH/Helpers/url_helper.php(543): CodeIgniter\Router\Exceptions\RouterException::forInvalidRoute()
 2 APPPATH/Views/santri/includes/sidenav.php(37): url_to()
 3 SYSTEMPATH/View/View.php(213): include('APPPATH/Views/santri/includes/sidenav.php')
 4 SYSTEMPATH/View/View.php(216): CodeIgniter\View\View->CodeIgniter\View\{closure}()
 5 SYSTEMPATH/View/View.php(431): CodeIgniter\View\View->render()
 6 APPPATH/Views/santri/layouts/index.php(95): CodeIgniter\View\View->include()
 7 SYSTEMPATH/View/View.php(213): include('APPPATH/Views/santri/layouts/index.php')
 8 SYSTEMPATH/View/View.php(216): CodeIgniter\View\View->CodeIgniter\View\{closure}()
 9 SYSTEMPATH/View/View.php(229): CodeIgniter\View\View->render()
10 SYSTEMPATH/Common.php(1134): CodeIgniter\View\View->render()
11 APPPATH/Controllers/Santri/DataSantriController.php(19): view()
12 SYSTEMPATH/CodeIgniter.php(927): App\Controllers\Santri\DataSantriController->index()
13 SYSTEMPATH/CodeIgniter.php(482): CodeIgniter\CodeIgniter->runController()
14 SYSTEMPATH/CodeIgniter.php(351): CodeIgniter\CodeIgniter->handleRequest()
15 FCPATH/index.php(67): CodeIgniter\CodeIgniter->run()
16 SYSTEMPATH/Commands/Server/rewrite.php(46): require_once('FCPATH/index.php')
